[INFO] Scanning for projects...
[INFO] 
[INFO] -------------------< com.zhiguang:zhiguang-backend >--------------------
[INFO] Building zhiguang-backend 1.0.0
[INFO]   from pom.xml
[INFO] --------------------------------[ jar ]---------------------------------
[INFO] 
[INFO] --- clean:3.3.2:clean (default-clean) @ zhiguang-backend ---
[INFO] Deleting d:\prdemo\light-note\zhiguang-backend\target
[INFO] 
[INFO] --- resources:3.3.1:resources (default-resources) @ zhiguang-backend ---
[INFO] Copying 1 resource from src\main\resources to target\classes
[INFO] Copying 0 resource from src\main\resources to target\classes
[INFO] 
[INFO] --- compiler:3.11.0:compile (default-compile) @ zhiguang-backend ---
[INFO] Changes detected - recompiling the module! :source
[INFO] Compiling 32 source files with javac [debug release 17] to target\classes
[INFO] 由于在类路径中发现了一个或多个处理程序，因此启用了
  批注处理。未来发行版的 javac 可能会禁用批注处理，
  除非至少按名称指定了一个处理程序 (-processor)，
  或指定了搜索路径 (--processor-path, --processor-module-path)，
  或显式启用了批注处理 (-proc:only, -proc:full)。
  可使用 -Xlint:-options 隐藏此消息。
  可使用 -proc:none 禁用批注处理。
[INFO] 
[INFO] --- resources:3.3.1:testResources (default-testResources) @ zhiguang-backend ---
[INFO] skip non existing resourceDirectory d:\prdemo\light-note\zhiguang-backend\src\test\resources
[INFO] 
[INFO] --- compiler:3.11.0:testCompile (default-testCompile) @ zhiguang-backend ---
[INFO] No sources to compile
[INFO] 
[INFO] --- surefire:3.1.2:test (default-test) @ zhiguang-backend ---
[INFO] Tests are skipped.
[INFO] 
[INFO] --- jar:3.3.0:jar (default-jar) @ zhiguang-backend ---
[INFO] Building jar: d:\prdemo\light-note\zhiguang-backend\target\zhiguang-backend-1.0.0.jar
[INFO] 
[INFO] --- spring-boot:3.2.0:repackage (repackage) @ zhiguang-backend ---
[INFO] Replacing main artifact d:\prdemo\light-note\zhiguang-backend\target\zhiguang-backend-1.0.0.jar with repackaged archive, adding nested dependencies in BOOT-INF/.
[INFO] The original artifact has been renamed to d:\prdemo\light-note\zhiguang-backend\target\zhiguang-backend-1.0.0.jar.original
[INFO] ------------------------------------------------------------------------
[INFO] BUILD SUCCESS
[INFO] ------------------------------------------------------------------------
[INFO] Total time:  5.333 s
[INFO] Finished at: 2026-04-19T21:19:29+08:00
[INFO] ------------------------------------------------------------------------
