
  .   ____          _            __ _ _
 /\\ / ___'_ __ _ _(_)_ __  __ _ \ \ \ \
( ( )\___ | '_ | '_| | '_ \/ _` | \ \ \ \
 \\/  ___)| |_)| | | | | || (_| |  ) ) ) )
  '  |____| .__|_| |_|_| |_\__, | / / / /
 =========|_|==============|___/=/_/_/_/
 :: Spring Boot ::                (v3.2.0)

2026-04-19T21:01:20.106+08:00  INFO 11172 --- [zhiguang-backend] [           main] com.zhiguang.ZhiguangApplication         : Starting ZhiguangApplication v1.0.0 using Java 21.0.10 with PID 11172 (D:\prdemo\light-note\zhiguang-backend\target\zhiguang-backend-1.0.0.jar started by 蔡春祥 in d:\prdemo\light-note\zhiguang-backend)
2026-04-19T21:01:20.108+08:00 DEBUG 11172 --- [zhiguang-backend] [           main] com.zhiguang.ZhiguangApplication         : Running with Spring Boot v3.2.0, Spring v6.1.1
2026-04-19T21:01:20.108+08:00  INFO 11172 --- [zhiguang-backend] [           main] com.zhiguang.ZhiguangApplication         : No active profile set, falling back to 1 default profile: "default"
2026-04-19T21:01:20.956+08:00  INFO 11172 --- [zhiguang-backend] [           main] .s.d.r.c.RepositoryConfigurationDelegate : Multiple Spring Data modules found, entering strict repository configuration mode
2026-04-19T21:01:20.957+08:00  INFO 11172 --- [zhiguang-backend] [           main] .s.d.r.c.RepositoryConfigurationDelegate : Bootstrapping Spring Data JPA repositories in DEFAULT mode.
2026-04-19T21:01:21.078+08:00  INFO 11172 --- [zhiguang-backend] [           main] .s.d.r.c.RepositoryConfigurationDelegate : Finished Spring Data repository scanning in 117 ms. Found 3 JPA repository interfaces.
2026-04-19T21:01:21.094+08:00  INFO 11172 --- [zhiguang-backend] [           main] .s.d.r.c.RepositoryConfigurationDelegate : Multiple Spring Data modules found, entering strict repository configuration mode
2026-04-19T21:01:21.094+08:00  INFO 11172 --- [zhiguang-backend] [           main] .s.d.r.c.RepositoryConfigurationDelegate : Bootstrapping Spring Data Redis repositories in DEFAULT mode.
2026-04-19T21:01:21.110+08:00  INFO 11172 --- [zhiguang-backend] [           main] .RepositoryConfigurationExtensionSupport : Spring Data Redis - Could not safely identify store assignment for repository candidate interface com.zhiguang.repository.ArticleRepository; If you want this repository to be a Redis repository, consider annotating your entities with one of these annotations: org.springframework.data.redis.core.RedisHash (preferred), or consider extending one of the following types with your repository: org.springframework.data.keyvalue.repository.KeyValueRepository
2026-04-19T21:01:21.110+08:00  INFO 11172 --- [zhiguang-backend] [           main] .RepositoryConfigurationExtensionSupport : Spring Data Redis - Could not safely identify store assignment for repository candidate interface com.zhiguang.repository.CommentRepository; If you want this repository to be a Redis repository, consider annotating your entities with one of these annotations: org.springframework.data.redis.core.RedisHash (preferred), or consider extending one of the following types with your repository: org.springframework.data.keyvalue.repository.KeyValueRepository
2026-04-19T21:01:21.110+08:00  INFO 11172 --- [zhiguang-backend] [           main] .RepositoryConfigurationExtensionSupport : Spring Data Redis - Could not safely identify store assignment for repository candidate interface com.zhiguang.repository.UserRepository; If you want this repository to be a Redis repository, consider annotating your entities with one of these annotations: org.springframework.data.redis.core.RedisHash (preferred), or consider extending one of the following types with your repository: org.springframework.data.keyvalue.repository.KeyValueRepository
2026-04-19T21:01:21.110+08:00  INFO 11172 --- [zhiguang-backend] [           main] .s.d.r.c.RepositoryConfigurationDelegate : Finished Spring Data repository scanning in 4 ms. Found 0 Redis repository interfaces.
2026-04-19T21:01:21.843+08:00  INFO 11172 --- [zhiguang-backend] [           main] o.s.b.w.embedded.tomcat.TomcatWebServer  : Tomcat initialized with port 8080 (http)
2026-04-19T21:01:21.863+08:00  INFO 11172 --- [zhiguang-backend] [           main] o.apache.catalina.core.StandardService   : Starting service [Tomcat]
2026-04-19T21:01:21.863+08:00  INFO 11172 --- [zhiguang-backend] [           main] o.apache.catalina.core.StandardEngine    : Starting Servlet engine: [Apache Tomcat/10.1.16]
2026-04-19T21:01:21.904+08:00  INFO 11172 --- [zhiguang-backend] [           main] o.a.c.c.C.[Tomcat].[localhost].[/]       : Initializing Spring embedded WebApplicationContext
2026-04-19T21:01:21.906+08:00  INFO 11172 --- [zhiguang-backend] [           main] w.s.c.ServletWebServerApplicationContext : Root WebApplicationContext: initialization completed in 1735 ms
2026-04-19T21:01:22.247+08:00  INFO 11172 --- [zhiguang-backend] [           main] o.hibernate.jpa.internal.util.LogHelper  : HHH000204: Processing PersistenceUnitInfo [name: default]
2026-04-19T21:01:22.323+08:00  INFO 11172 --- [zhiguang-backend] [           main] org.hibernate.Version                    : HHH000412: Hibernate ORM core version 6.3.1.Final
2026-04-19T21:01:22.363+08:00  INFO 11172 --- [zhiguang-backend] [           main] o.h.c.internal.RegionFactoryInitiator    : HHH000026: Second-level cache disabled
2026-04-19T21:01:22.552+08:00  INFO 11172 --- [zhiguang-backend] [           main] o.s.o.j.p.SpringPersistenceUnitInfo      : No LoadTimeWeaver setup: ignoring JPA class transformer
2026-04-19T21:01:22.577+08:00  INFO 11172 --- [zhiguang-backend] [           main] com.zaxxer.hikari.HikariDataSource       : HikariPool-1 - Starting...
2026-04-19T21:01:22.722+08:00  INFO 11172 --- [zhiguang-backend] [           main] com.zaxxer.hikari.pool.HikariPool        : HikariPool-1 - Added connection com.mysql.cj.jdbc.ConnectionImpl@3c9e19de
2026-04-19T21:01:22.724+08:00  INFO 11172 --- [zhiguang-backend] [           main] com.zaxxer.hikari.HikariDataSource       : HikariPool-1 - Start completed.
2026-04-19T21:01:22.764+08:00  WARN 11172 --- [zhiguang-backend] [           main] org.hibernate.orm.deprecation            : HHH90000025: MySQLDialect does not need to be specified explicitly using 'hibernate.dialect' (remove the property setting and it will be selected by default)
2026-04-19T21:01:23.457+08:00  INFO 11172 --- [zhiguang-backend] [           main] o.h.e.t.j.p.i.JtaPlatformInitiator       : HHH000489: No JTA platform available (set 'hibernate.transaction.jta.platform' to enable JTA platform integration)
2026-04-19T21:01:23.539+08:00  INFO 11172 --- [zhiguang-backend] [           main] j.LocalContainerEntityManagerFactoryBean : Initialized JPA EntityManagerFactory for persistence unit 'default'
2026-04-19T21:01:23.898+08:00 DEBUG 11172 --- [zhiguang-backend] [           main] c.z.security.JwtAuthenticationFilter     : Filter 'jwtAuthenticationFilter' configured for use
2026-04-19T21:01:23.980+08:00  INFO 11172 --- [zhiguang-backend] [           main] o.s.d.j.r.query.QueryEnhancerFactory     : Hibernate is in classpath; If applicable, HQL parser will be used.
2026-04-19T21:01:25.084+08:00  WARN 11172 --- [zhiguang-backend] [           main] JpaBaseConfiguration$JpaWebConfiguration : spring.jpa.open-in-view is enabled by default. Therefore, database queries may be performed during view rendering. Explicitly configure spring.jpa.open-in-view to disable this warning
2026-04-19T21:01:25.108+08:00  WARN 11172 --- [zhiguang-backend] [           main] .s.s.UserDetailsServiceAutoConfiguration : 

Using generated security password: 883f8772-a43f-472e-8e1b-c41873ae3b9d

This generated password is for development use only. Your security configuration must be updated before running your application in production.

2026-04-19T21:01:25.640+08:00  INFO 11172 --- [zhiguang-backend] [           main] o.s.s.web.DefaultSecurityFilterChain     : Will secure any request with [org.springframework.security.web.session.DisableEncodeUrlFilter@7ce299c6, org.springframework.security.web.context.request.async.WebAsyncManagerIntegrationFilter@278e5f8e, org.springframework.security.web.context.SecurityContextHolderFilter@207283b4, org.springframework.security.web.header.HeaderWriterFilter@49235e8c, org.springframework.web.filter.CorsFilter@44a3b4d9, org.springframework.security.web.authentication.logout.LogoutFilter@2f5fb329, com.zhiguang.security.JwtAuthenticationFilter@429dde4d, org.springframework.security.web.savedrequest.RequestCacheAwareFilter@c8d0ea3, org.springframework.security.web.servletapi.SecurityContextHolderAwareRequestFilter@912fdbb, org.springframework.security.web.authentication.AnonymousAuthenticationFilter@16e3a461, org.springframework.security.web.session.SessionManagementFilter@3a4e3343, org.springframework.security.web.access.ExceptionTranslationFilter@50853850, org.springframework.security.web.access.intercept.AuthorizationFilter@4e42beba]
2026-04-19T21:01:25.978+08:00  WARN 11172 --- [zhiguang-backend] [           main] ConfigServletWebServerApplicationContext : Exception encountered during context initialization - cancelling refresh attempt: org.springframework.context.ApplicationContextException: Failed to start bean 'webServerStartStop'
2026-04-19T21:01:25.994+08:00  INFO 11172 --- [zhiguang-backend] [           main] j.LocalContainerEntityManagerFactoryBean : Closing JPA EntityManagerFactory for persistence unit 'default'
2026-04-19T21:01:25.994+08:00  INFO 11172 --- [zhiguang-backend] [           main] com.zaxxer.hikari.HikariDataSource       : HikariPool-1 - Shutdown initiated...
2026-04-19T21:01:26.003+08:00  INFO 11172 --- [zhiguang-backend] [           main] com.zaxxer.hikari.HikariDataSource       : HikariPool-1 - Shutdown completed.
2026-04-19T21:01:26.015+08:00  INFO 11172 --- [zhiguang-backend] [           main] .s.b.a.l.ConditionEvaluationReportLogger : 

Error starting ApplicationContext. To display the condition evaluation report re-run your application with 'debug' enabled.
2026-04-19T21:01:26.046+08:00 ERROR 11172 --- [zhiguang-backend] [           main] o.s.b.d.LoggingFailureAnalysisReporter   : 

***************************
APPLICATION FAILED TO START
***************************

Description:

Web server failed to start. Port 8080 was already in use.

Action:

Identify and stop the process that's listening on port 8080 or configure this application to listen on another port.

